<?xml version="1.0" encoding="UTF-8"?>
<testsuite xmlns:xsi="http://www.w3.org/2001/XMLSchema-instance" xsi:noNamespaceSchemaLocation="https://maven.apache.org/surefire/maven-surefire-plugin/xsd/surefire-test-report.xsd" name="com.ucb.tdd.ElevatorTest" time="0.054" tests="12" errors="0" skipped="0" failures="0">
  <properties>
[...]
</properties>
  <testcase name="elevatorCapacityIsOne" classname="com.ucb.tdd.ElevatorTest" time="0.009"/>
  <testcase name="elevatorWontDropOffIfEmpty" classname="com.ucb.tdd.ElevatorTest" time="0"/>
  <testcase name="elevatorDropsOffPerson" classname="com.ucb.tdd.ElevatorTest" time="0"/>
  <testcase name="elevatorGoesDown" classname="com.ucb.tdd.ElevatorTest" time="0"/>
  <testcase name="elevatorWontGoToDestinationIfEmpty" classname="com.ucb.tdd.ElevatorTest" time="0"/>
  <testcase name="elevatorStartsOnFirstFloor" classname="com.ucb.tdd.ElevatorTest" time="0.001"/>
  <testcase name="elevatorPicksUpPerson" classname="com.ucb.tdd.ElevatorTest" time="0"/>
  <testcase name="elevatorGoesToDestination" classname="com.ucb.tdd.ElevatorTest" time="0"/>
  <testcase name="elevatorWontDropOffIfNotAtDestination" classname="com.ucb.tdd.ElevatorTest" time="0"/>
  <testcase name="elevatorWontPickUpIfEmpty" classname="com.ucb.tdd.ElevatorTest" time="0"/>
  <testcase name="elevatorGoesUp" classname="com.ucb.tdd.ElevatorTest" time="0"/>
  <testcase name="elevatorWithRandomPerson" classname="com.ucb.tdd.ElevatorTest" time="0"/>
</testsuite>